c:\users\user\source\repos\sound\x64\debug\vc143.pdb
c:\users\user\source\repos\sound\x64\debug\vc143.idb
c:\users\user\source\repos\sound\x64\debug\argparser.obj
c:\users\user\source\repos\sound\x64\debug\parser.obj
c:\users\user\source\repos\sound\x64\debug\handler.obj
c:\users\user\source\repos\sound\x64\debug\main.obj
c:\users\user\source\repos\sound\x64\debug\converter.obj
c:\users\user\source\repos\sound\x64\debug\sound.exe
c:\users\user\source\repos\sound\x64\debug\sound.ilk
c:\users\user\source\repos\sound\x64\debug\sound.pdb
c:\users\s.gubin\documents\sound\sound\x64\debug\argparser.obj
c:\users\s.gubin\documents\sound\sound\x64\debug\converter.obj
c:\users\s.gubin\documents\sound\sound\x64\debug\handler.obj
c:\users\s.gubin\documents\sound\sound\x64\debug\main.obj
c:\users\s.gubin\documents\sound\sound\x64\debug\parser.obj
c:\users\s.gubin\documents\sound\sound\x64\debug\sound.ilk
c:\users\s.gubin\documents\sound\sound\x64\debug\vc143.idb
c:\users\s.gubin\documents\sound\sound\x64\debug\sound.pdb
c:\users\s.gubin\documents\sound\sound\x64\debug\vc143.pdb
c:\users\s.gubin\documents\sound\sound\x64\debug\sound.exe
c:\users\s.gubin\documents\sound\sound\x64\debug\sound.tlog\cl.command.1.tlog
c:\users\s.gubin\documents\sound\sound\x64\debug\sound.tlog\cl.read.1.tlog
c:\users\s.gubin\documents\sound\sound\x64\debug\sound.tlog\cl.write.1.tlog
c:\users\s.gubin\documents\sound\sound\x64\debug\sound.tlog\link.command.1.tlog
c:\users\s.gubin\documents\sound\sound\x64\debug\sound.tlog\link.read.1.tlog
c:\users\s.gubin\documents\sound\sound\x64\debug\sound.tlog\link.write.1.tlog
